#
# There is insufficient memory for the Java Runtime Environment to continue.
# Native memory allocation (mmap) failed to map 264241152 bytes. Error detail: G1 virtual space
# Possible reasons:
#   The system is out of physical RAM or swap space
#   This process is running with CompressedOops enabled, and the Java Heap may be blocking the growth of the native heap
# Possible solutions:
#   Reduce memory load on the system
#   Increase physical memory or swap space
#   Check if swap backing store is full
#   Decrease Java heap size (-Xmx/-Xms)
#   Decrease number of Java threads
#   Decrease Java thread stack sizes (-Xss)
#   Set larger code cache with -XX:ReservedCodeCacheSize=
#   JVM is running with Zero Based Compressed Oops mode in which the Java heap is
#     placed in the first 32GB address space. The Java Heap base address is the
#     maximum limit for the native heap growth. Please use -XX:HeapBaseMinAddress
#     to set the Java Heap base and to place the Java Heap above 32GB virtual address.
# This output file may be truncated or incomplete.
#
#  Out of Memory Error (os_windows.cpp:3828), pid=956, tid=19548
#
# JRE version:  (21.0.5) (build )
# Java VM: OpenJDK 64-Bit Server VM (21.0.5+-13047016-b750.29, mixed mode, sharing, tiered, compressed oops, compressed class ptrs, g1 gc, windows-amd64)
# No core dump will be written. Minidumps are not enabled by default on client versions of Windows
#

---------------  S U M M A R Y ------------

Command Line: git4idea.http.GitAskPassApp Username for 'https://github.com': 

Host: 11th Gen Intel(R) Core(TM) i7-1165G7 @ 2.80GHz, 8 cores, 15G,  Windows 11 , 64 bit Build 26100 (10.0.26100.3624)
Time: Fri Apr  4 21:11:05 2025 Hora de verano romance elapsed time: 1.125271 seconds (0d 0h 0m 1s)

---------------  T H R E A D  ---------------

Current thread (0x000001f59d7f2860):  JavaThread "Unknown thread" [_thread_in_vm, id=19548, stack(0x0000000aacd00000,0x0000000aace00000) (1024K)]

Stack: [0x0000000aacd00000,0x0000000aace00000]
Native frames: (J=compiled Java code, j=interpreted, Vv=VM code, C=native code)
V  [jvm.dll+0x6cfb29]
V  [jvm.dll+0x85df93]
V  [jvm.dll+0x8604ee]
V  [jvm.dll+0x860bd3]
V  [jvm.dll+0x27e6b6]
V  [jvm.dll+0x6cc385]
V  [jvm.dll+0x6c078a]
V  [jvm.dll+0x35525b]
V  [jvm.dll+0x35ceb6]
V  [jvm.dll+0x3aedd6]
V  [jvm.dll+0x3af0a8]
V  [jvm.dll+0x32792c]
V  [jvm.dll+0x32861b]
V  [jvm.dll+0x8259d9]
V  [jvm.dll+0x3bbfa8]
V  [jvm.dll+0x80ec88]
V  [jvm.dll+0x45015e]
V  [jvm.dll+0x4518c1]
C  [jli.dll+0x52ab]
C  [ucrtbase.dll+0x37b0]
C  [KERNEL32.DLL+0x2e8d7]
C  [ntdll.dll+0xb14fc]


---------------  P R O C E S S  ---------------

Threads class SMR info:
_java_thread_list=0x00007ffc58870808, length=0, elements={
}

Java Threads: ( => current thread )
Total: 0

Other Threads:
  0x000001f59f9dee80 WorkerThread "GC Thread#0"                     [id=8572, stack(0x0000000aace00000,0x0000000aacf00000) (1024K)]
  0x000001f59f9ef9a0 ConcurrentGCThread "G1 Main Marker"            [id=11492, stack(0x0000000aacf00000,0x0000000aad000000) (1024K)]
  0x000001f59f9f22f0 WorkerThread "G1 Conc#0"                       [id=7600, stack(0x0000000aad000000,0x0000000aad100000) (1024K)]

[error occurred during error reporting (printing all threads), id 0xc0000005, EXCEPTION_ACCESS_VIOLATION (0xc0000005) at pc=0x00007ffc5806a967]
VM state: not at safepoint (not fully initialized)

VM Mutex/Monitor currently owned by a thread:  ([mutex/lock_event])
[0x00007ffc588dd460] Heap_lock - owner thread: 0x000001f59d7f2860

Heap address: 0x0000000704c00000, size: 4020 MB, Compressed Oops mode: Zero based, Oop shift amount: 3

CDS archive(s) mapped at: [0x0000000000000000-0x0000000000000000-0x0000000000000000), size 0, SharedBaseAddress: 0x0000000800000000, ArchiveRelocationMode: 1.
Narrow klass base: 0x0000000000000000, Narrow klass shift: 0, Narrow klass range: 0x0

GC Precious Log:
 CardTable entry size: 512
 Card Set container configuration: InlinePtr #cards 4 size 8 Array Of Cards #cards 16 size 48 Howl #buckets 8 coarsen threshold 3686 Howl Bitmap #cards 512 size 80 coarsen threshold 460 Card regions per heap region 1 cards per card region 4096

Heap:
 garbage-first heap   total 0K, used 0K [0x0000000704c00000, 0x0000000800000000)
  region size 2048K, 0 young (0K), 0 survivors (0K)
 Metaspace       used 0K, committed 0K, reserved 0K
  class space    used 0K, committed 0K, reserved 0K

Heap Regions: E=young(eden), S=young(survivor), O=old, HS=humongous(starts), HC=humongous(continues), CS=collection set, F=free, TAMS=top-at-mark-start, PB=parsable bottom

Card table byte_map: [0x000001f5b25e0000,0x000001f5b2dc0000] _byte_map_base: 0x000001f5aedba000

Marking Bits: (CMBitMap*) 0x000001f59f9df580
 Bits: [0x000001f5b2dc0000, 0x000001f5b6c90000)

GC Heap History (0 events):
No events

Dll operation events (1 events):
Event: 0.005 Loaded shared library C:\Program Files\Android\Android Studio\jbr\bin\java.dll

Deoptimization events (0 events):
No events

Classes loaded (0 events):
No events

Classes unloaded (0 events):
No events

Classes redefined (0 events):
No events

Internal exceptions (0 events):
No events

ZGC Phase Switch (0 events):
No events

VM Operations (0 events):
No events

Memory protections (0 events):
No events

Nmethod flushes (0 events):
No events

Events (0 events):
No events


Dynamic libraries:
0x00007ff6a4e00000 - 0x00007ff6a4e0a000 	C:\Program Files\Android\Android Studio\jbr\bin\java.exe
0x00007ffcb3d40000 - 0x00007ffcb3fa0000 	C:\WINDOWS\SYSTEM32\ntdll.dll
0x00007ffcb25b0000 - 0x00007ffcb2677000 	C:\WINDOWS\System32\KERNEL32.DLL
0x00007ffcb1070000 - 0x00007ffcb143b000 	C:\WINDOWS\System32\KERNELBASE.dll
0x00007ffcb0f20000 - 0x00007ffcb106b000 	C:\WINDOWS\System32\ucrtbase.dll
0x00007ffcab900000 - 0x00007ffcab91b000 	C:\Program Files\Android\Android Studio\jbr\bin\VCRUNTIME140.dll
0x00007ffcab990000 - 0x00007ffcab9a8000 	C:\Program Files\Android\Android Studio\jbr\bin\jli.dll
0x00007ffcb3700000 - 0x00007ffcb38cc000 	C:\WINDOWS\System32\USER32.dll
0x00007ffcb1b10000 - 0x00007ffcb1b37000 	C:\WINDOWS\System32\win32u.dll
0x00007ffc8bc00000 - 0x00007ffc8be97000 	C:\WINDOWS\WinSxS\amd64_microsoft.windows.common-controls_6595b64144ccf1df_6.0.26100.3624_none_3e086962e3345f24\COMCTL32.dll
0x00007ffcb2580000 - 0x00007ffcb25aa000 	C:\WINDOWS\System32\GDI32.dll
0x00007ffcb38e0000 - 0x00007ffcb3989000 	C:\WINDOWS\System32\msvcrt.dll
0x00007ffcb1440000 - 0x00007ffcb1571000 	C:\WINDOWS\System32\gdi32full.dll
0x00007ffcb1580000 - 0x00007ffcb1623000 	C:\WINDOWS\System32\msvcp_win.dll
0x00007ffcb1de0000 - 0x00007ffcb1e0f000 	C:\WINDOWS\System32\IMM32.DLL
0x00007ffcad7e0000 - 0x00007ffcad7ec000 	C:\Program Files\Android\Android Studio\jbr\bin\vcruntime140_1.dll
0x00007ffc92570000 - 0x00007ffc925fd000 	C:\Program Files\Android\Android Studio\jbr\bin\msvcp140.dll
0x00007ffc57d30000 - 0x00007ffc589ba000 	C:\Program Files\Android\Android Studio\jbr\bin\server\jvm.dll
0x00007ffcb1d20000 - 0x00007ffcb1dd3000 	C:\WINDOWS\System32\ADVAPI32.dll
0x00007ffcb3b40000 - 0x00007ffcb3be6000 	C:\WINDOWS\System32\sechost.dll
0x00007ffcb3290000 - 0x00007ffcb33a6000 	C:\WINDOWS\System32\RPCRT4.dll
0x00007ffcb3bf0000 - 0x00007ffcb3c64000 	C:\WINDOWS\System32\WS2_32.dll
0x00007ffcb06e0000 - 0x00007ffcb073e000 	C:\WINDOWS\SYSTEM32\POWRPROF.dll
0x00007ffca7ef0000 - 0x00007ffca7f26000 	C:\WINDOWS\SYSTEM32\WINMM.dll
0x00007ffc9ccb0000 - 0x00007ffc9ccbb000 	C:\WINDOWS\SYSTEM32\VERSION.dll
0x00007ffcb06c0000 - 0x00007ffcb06d4000 	C:\WINDOWS\SYSTEM32\UMPDC.dll
0x00007ffcafd30000 - 0x00007ffcafd4a000 	C:\WINDOWS\SYSTEM32\kernel.appcore.dll
0x00007ffcad740000 - 0x00007ffcad74a000 	C:\Program Files\Android\Android Studio\jbr\bin\jimage.dll
0x00007ffcae6e0000 - 0x00007ffcae921000 	C:\WINDOWS\SYSTEM32\DBGHELP.DLL
0x00007ffcb21d0000 - 0x00007ffcb2553000 	C:\WINDOWS\System32\combase.dll
0x00007ffcb1c40000 - 0x00007ffcb1d16000 	C:\WINDOWS\System32\OLEAUT32.dll
0x00007ffc44db0000 - 0x00007ffc44de9000 	C:\WINDOWS\SYSTEM32\dbgcore.DLL
0x00007ffcb18f0000 - 0x00007ffcb1989000 	C:\WINDOWS\System32\bcryptPrimitives.dll
0x00007ffc9fab0000 - 0x00007ffc9fad0000 	C:\Program Files\Android\Android Studio\jbr\bin\java.dll

dbghelp: loaded successfully - version: 4.0.5 - missing functions: none
symbol engine: initialized successfully - sym options: 0x614 - pdb path: .;C:\Program Files\Android\Android Studio\jbr\bin;C:\WINDOWS\SYSTEM32;C:\WINDOWS\WinSxS\amd64_microsoft.windows.common-controls_6595b64144ccf1df_6.0.26100.3624_none_3e086962e3345f24;C:\Program Files\Android\Android Studio\jbr\bin\server

VM Arguments:
java_command: git4idea.http.GitAskPassApp Username for 'https://github.com': 
java_class_path (initial): C:/Program Files/Android/Android Studio/plugins/vcs-git/lib/git4idea-rt.jar;C:/Program Files/Android/Android Studio/lib/externalProcess-rt.jar
Launcher Type: SUN_STANDARD

[Global flags]
     intx CICompilerCount                          = 4                                         {product} {ergonomic}
     uint ConcGCThreads                            = 2                                         {product} {ergonomic}
     uint G1ConcRefinementThreads                  = 8                                         {product} {ergonomic}
   size_t G1HeapRegionSize                         = 2097152                                   {product} {ergonomic}
    uintx GCDrainStackTargetSize                   = 64                                        {product} {ergonomic}
   size_t InitialHeapSize                          = 264241152                                 {product} {ergonomic}
   size_t MarkStackSize                            = 4194304                                   {product} {ergonomic}
   size_t MaxHeapSize                              = 4215275520                                {product} {ergonomic}
   size_t MinHeapDeltaBytes                        = 2097152                                   {product} {ergonomic}
   size_t MinHeapSize                              = 8388608                                   {product} {ergonomic}
    uintx NonNMethodCodeHeapSize                   = 5839372                                {pd product} {ergonomic}
    uintx NonProfiledCodeHeapSize                  = 122909434                              {pd product} {ergonomic}
    uintx ProfiledCodeHeapSize                     = 122909434                              {pd product} {ergonomic}
    uintx ReservedCodeCacheSize                    = 251658240                              {pd product} {ergonomic}
     bool SegmentedCodeCache                       = true                                      {product} {ergonomic}
   size_t SoftMaxHeapSize                          = 4215275520                             {manageable} {ergonomic}
     bool UseCompressedOops                        = true                           {product lp64_product} {ergonomic}
     bool UseG1GC                                  = true                                      {product} {ergonomic}
     bool UseLargePagesIndividualAllocation        = false                                  {pd product} {ergonomic}

Logging:
Log output configuration:
 #0: stdout all=warning uptime,level,tags foldmultilines=false
 #1: stderr all=off uptime,level,tags foldmultilines=false

Environment Variables:
JAVA_HOME=C:\Program Files\Java\jdk-23
PATH=C:\Program Files\Git\mingw64\libexec\git-core;C:\Program Files\Git\mingw64\libexec\git-core;C:\Program Files\Git\mingw64\bin;C:\Program Files\Git\usr\bin;C:\Users\Alizzelol\bin;C:\dev\apache-maven-3.9.9\bin;C:\Program Files\Java\jdk-23\bin;C:\Program Files\Common Files\Oracle\Java\javapath;C:\app\Alizzelol\product\dbhomeXE\bin;C:\WINDOWS\system32;C:\WINDOWS;C:\WINDOWS\System32\Wbem;C:\WINDOWS\System32\WindowsPowerShell\v1.0;C:\WINDOWS\System32\OpenSSH;C:\Program Files\Microsoft SQL Server\Client SDK\ODBC\170\Tools\Binn;C:\Program Files\nodejs;C:\Program Files\Git\cmd;C:\Users\Alizzelol\AppData\Local\Microsoft\WindowsApps;C:\Users\Alizzelol\AppData\Local\Programs\Microsoft VS Code\bin;C:\Program Files\JetBrains\IntelliJ IDEA Community Edition 2024.3.1.1\bin;C:\Users\Alizzelol\AppData\Local\GitHubDesktop\bin;C:\Users\Alizzelol\AppData\Roaming\npm;C:\dev\apache-maven-3.9.9\bin;C:\Program Files\Java\jdk-23\bin
USERNAME=Alizzelol
DISPLAY=:0.0
LC_ALL=en_US.UTF-8
TERM=xterm-256color
TMPDIR=C:\Users\ALIZZE~1\AppData\Local\Temp
OS=Windows_NT
PROCESSOR_IDENTIFIER=Intel64 Family 6 Model 140 Stepping 1, GenuineIntel
TMP=C:\Users\ALIZZE~1\AppData\Local\Temp
TEMP=C:\Users\ALIZZE~1\AppData\Local\Temp




Periodic native trim disabled

JNI global refs:
JNI global refs: 0, weak refs: 0

JNI global refs memory usage: 0, weak refs: 0

Process memory usage:
Resident Set Size: 13096K (0% of 16464440K total physical memory with 2279452K free physical memory)

OOME stack traces (most recent first):
Classloader memory used:

---------------  S Y S T E M  ---------------

OS:
 Windows 11 , 64 bit Build 26100 (10.0.26100.3624)
OS uptime: 0 days 3:03 hours

CPU: total 8 (initial active 8) (4 cores per cpu, 2 threads per core) family 6 model 140 stepping 1 microcode 0x9a, cx8, cmov, fxsr, ht, mmx, 3dnowpref, sse, sse2, sse3, ssse3, sse4.1, sse4.2, popcnt, lzcnt, tsc, tscinvbit, avx, avx2, aes, erms, clmul, bmi1, bmi2, adx, avx512f, avx512dq, avx512cd, avx512bw, avx512vl, sha, fma, vzeroupper, avx512_vpopcntdq, avx512_vpclmulqdq, avx512_vaes, avx512_vnni, clflush, clflushopt, clwb, avx512_vbmi2, avx512_vbmi, rdtscp, rdpid, fsrm, gfni, avx512_bitalg, f16c, pku, cet_ibt, cet_ss, avx512_ifma
Processor Information for all 8 processors :
  Max Mhz: 2803, Current Mhz: 2803, Mhz Limit: 2803

Memory: 4k page, system-wide physical 16078M (2226M free)
TotalPageFile size 20078M (AvailPageFile size 115M)
current process WorkingSet (physical memory assigned to process): 12M, peak: 12M
current process commit charge ("private bytes"): 60M, peak: 312M

vm_info: OpenJDK 64-Bit Server VM (21.0.5+-13047016-b750.29) for windows-amd64 JRE (21.0.5+-13047016-b750.29), built on 2025-02-11T21:12:39Z by "builder" with MS VC++ 16.10 / 16.11 (VS2019)

END.
