#
# There is insufficient memory for the Java Runtime Environment to continue.
# Native memory allocation (malloc) failed to allocate 1245920 bytes. Error detail: Chunk::new
# Possible reasons:
#   The system is out of physical RAM or swap space
#   This process is running with CompressedOops enabled, and the Java Heap may be blocking the growth of the native heap
# Possible solutions:
#   Reduce memory load on the system
#   Increase physical memory or swap space
#   Check if swap backing store is full
#   Decrease Java heap size (-Xmx/-Xms)
#   Decrease number of Java threads
#   Decrease Java thread stack sizes (-Xss)
#   Set larger code cache with -XX:ReservedCodeCacheSize=
#   JVM is running with Zero Based Compressed Oops mode in which the Java heap is
#     placed in the first 32GB address space. The Java Heap base address is the
#     maximum limit for the native heap growth. Please use -XX:HeapBaseMinAddress
#     to set the Java Heap base and to place the Java Heap above 32GB virtual address.
# This output file may be truncated or incomplete.
#
#  Out of Memory Error (arena.cpp:168), pid=11520, tid=20028
#
# JRE version: OpenJDK Runtime Environment (21.0.5) (build 21.0.5+-13047016-b750.29)
# Java VM: OpenJDK 64-Bit Server VM (21.0.5+-13047016-b750.29, mixed mode, tiered, compressed oops, compressed class ptrs, g1 gc, windows-amd64)
# No core dump will be written. Minidumps are not enabled by default on client versions of Windows
#

---------------  S U M M A R Y ------------

Command Line: git4idea.http.GitAskPassApp Username for 'https://github.com': 

Host: 11th Gen Intel(R) Core(TM) i7-1165G7 @ 2.80GHz, 8 cores, 15G,  Windows 11 , 64 bit Build 26100 (10.0.26100.3624)
Time: Fri Apr  4 20:34:42 2025 Hora de verano romance elapsed time: 2.904781 seconds (0d 0h 0m 2s)

---------------  T H R E A D  ---------------

Current thread (0x0000015aef3ec2d0):  JavaThread "C2 CompilerThread1" daemon [_thread_in_native, id=20028, stack(0x0000005976d00000,0x0000005976e00000) (1024K)]


Current CompileTask:
C2:2905 1081       4       sun.security.ec.ECOperations::setDouble (463 bytes)

Stack: [0x0000005976d00000,0x0000005976e00000]
Native frames: (J=compiled Java code, j=interpreted, Vv=VM code, C=native code)
V  [jvm.dll+0x6cfb29]
V  [jvm.dll+0x85df93]
V  [jvm.dll+0x8604ee]
V  [jvm.dll+0x860bd3]
V  [jvm.dll+0x27e6b6]
V  [jvm.dll+0xbff6d]
V  [jvm.dll+0xc04a3]
V  [jvm.dll+0x3b5ffb]
V  [jvm.dll+0x381f97]
V  [jvm.dll+0x38140a]
V  [jvm.dll+0x247c62]
V  [jvm.dll+0x247231]
V  [jvm.dll+0x1c5ee4]
V  [jvm.dll+0x25697c]
V  [jvm.dll+0x254ec6]
V  [jvm.dll+0x3f0ce6]
V  [jvm.dll+0x806368]
V  [jvm.dll+0x6ce3fd]
C  [ucrtbase.dll+0x37b0]
C  [KERNEL32.DLL+0x2e8d7]
C  [ntdll.dll+0xb14fc]


---------------  P R O C E S S  ---------------

Threads class SMR info:
_java_thread_list=0x0000015aef3b2ac0, length=16, elements={
0x0000015ace85f430, 0x0000015aea79c770, 0x0000015aea7a01e0, 0x0000015aea7c4880,
0x0000015aea7c4ee0, 0x0000015aea7c5930, 0x0000015aea7b2b60, 0x0000015aea7b3cf0,
0x0000015aea787bf0, 0x0000015aea964b30, 0x0000015aea9818b0, 0x0000015aef36c990,
0x0000015aef4343d0, 0x0000015aef3dfbf0, 0x0000015aef3ec2d0, 0x0000015aef446770
}

Java Threads: ( => current thread )
  0x0000015ace85f430 JavaThread "main"                              [_thread_blocked, id=14216, stack(0x0000005975700000,0x0000005975800000) (1024K)]
  0x0000015aea79c770 JavaThread "Reference Handler"          daemon [_thread_blocked, id=16808, stack(0x0000005975f00000,0x0000005976000000) (1024K)]
  0x0000015aea7a01e0 JavaThread "Finalizer"                  daemon [_thread_blocked, id=12816, stack(0x0000005976000000,0x0000005976100000) (1024K)]
  0x0000015aea7c4880 JavaThread "Signal Dispatcher"          daemon [_thread_blocked, id=15576, stack(0x0000005976100000,0x0000005976200000) (1024K)]
  0x0000015aea7c4ee0 JavaThread "Attach Listener"            daemon [_thread_blocked, id=12948, stack(0x0000005976200000,0x0000005976300000) (1024K)]
  0x0000015aea7c5930 JavaThread "Service Thread"             daemon [_thread_blocked, id=19188, stack(0x0000005976300000,0x0000005976400000) (1024K)]
  0x0000015aea7b2b60 JavaThread "Monitor Deflation Thread"   daemon [_thread_blocked, id=7388, stack(0x0000005976400000,0x0000005976500000) (1024K)]
  0x0000015aea7b3cf0 JavaThread "C2 CompilerThread0"         daemon [_thread_blocked, id=19604, stack(0x0000005976500000,0x0000005976600000) (1024K)]
  0x0000015aea787bf0 JavaThread "C1 CompilerThread0"         daemon [_thread_blocked, id=12536, stack(0x0000005976600000,0x0000005976700000) (1024K)]
  0x0000015aea964b30 JavaThread "Notification Thread"        daemon [_thread_blocked, id=15480, stack(0x0000005976700000,0x0000005976800000) (1024K)]
  0x0000015aea9818b0 JavaThread "Common-Cleaner"             daemon [_thread_blocked, id=14960, stack(0x0000005976800000,0x0000005976900000) (1024K)]
  0x0000015aef36c990 JavaThread "HttpClient-1-SelectorManager" daemon [_thread_in_native, id=3860, stack(0x0000005976900000,0x0000005976a00000) (1024K)]
  0x0000015aef4343d0 JavaThread "HttpClient-1-Worker-0"      daemon [_thread_blocked, id=15836, stack(0x0000005976b00000,0x0000005976c00000) (1024K)]
  0x0000015aef3dfbf0 JavaThread "HttpClient-1-Worker-1"      daemon [_thread_blocked, id=3292, stack(0x0000005976c00000,0x0000005976d00000) (1024K)]
=>0x0000015aef3ec2d0 JavaThread "C2 CompilerThread1"         daemon [_thread_in_native, id=20028, stack(0x0000005976d00000,0x0000005976e00000) (1024K)]
  0x0000015aef446770 JavaThread "C2 CompilerThread2"         daemon [_thread_blocked, id=3308, stack(0x0000005976e00000,0x0000005976f00000) (1024K)]
Total: 16

Other Threads:
  0x0000015aea740b70 VMThread "VM Thread"                           [id=11788, stack(0x0000005975e00000,0x0000005975f00000) (1024K)]
  0x0000015aea5896d0 WatcherThread "VM Periodic Task Thread"        [id=13396, stack(0x0000005975d00000,0x0000005975e00000) (1024K)]
  0x0000015ace8bf430 WorkerThread "GC Thread#0"                     [id=13928, stack(0x0000005975800000,0x0000005975900000) (1024K)]
  0x0000015ace8cff50 ConcurrentGCThread "G1 Main Marker"            [id=10632, stack(0x0000005975900000,0x0000005975a00000) (1024K)]
  0x0000015ace8d1a60 WorkerThread "G1 Conc#0"                       [id=4520, stack(0x0000005975a00000,0x0000005975b00000) (1024K)]
  0x0000015aea45b9a0 ConcurrentGCThread "G1 Refine#0"               [id=2596, stack(0x0000005975b00000,0x0000005975c00000) (1024K)]
  0x0000015aea45d1d0 ConcurrentGCThread "G1 Service"                [id=16224, stack(0x0000005975c00000,0x0000005975d00000) (1024K)]
Total: 7

Threads with active compile tasks:
C2 CompilerThread1  2940 1081       4       sun.security.ec.ECOperations::setDouble (463 bytes)
Total: 1

VM state: not at safepoint (normal execution)

VM Mutex/Monitor currently owned by a thread: None

Heap address: 0x0000000704c00000, size: 4020 MB, Compressed Oops mode: Zero based, Oop shift amount: 3

CDS archive(s) not mapped
Compressed class space mapped at: 0x0000000800000000-0x0000000840000000, reserved size: 1073741824
Narrow klass base: 0x0000000800000000, Narrow klass shift: 0, Narrow klass range: 0x40000000

GC Precious Log:
 CardTable entry size: 512
 Card Set container configuration: InlinePtr #cards 4 size 8 Array Of Cards #cards 16 size 48 Howl #buckets 8 coarsen threshold 3686 Howl Bitmap #cards 512 size 80 coarsen threshold 460 Card regions per heap region 1 cards per card region 4096
 CPUs: 8 total, 8 available
 Memory: 16078M
 Large Page Support: Disabled
 NUMA Support: Disabled
 Compressed Oops: Enabled (Zero based)
 Heap Region Size: 2M
 Heap Min Capacity: 8M
 Heap Initial Capacity: 252M
 Heap Max Capacity: 4020M
 Pre-touch: Disabled
 Parallel Workers: 8
 Concurrent Workers: 2
 Concurrent Refinement Workers: 8
 Periodic GC: Disabled

Heap:
 garbage-first heap   total 258048K, used 14336K [0x0000000704c00000, 0x0000000800000000)
  region size 2048K, 8 young (16384K), 0 survivors (0K)
 Metaspace       used 16886K, committed 17152K, reserved 1114112K
  class space    used 1792K, committed 1920K, reserved 1048576K

Heap Regions: E=young(eden), S=young(survivor), O=old, HS=humongous(starts), HC=humongous(continues), CS=collection set, F=free, TAMS=top-at-mark-start, PB=parsable bottom
|   0|0x0000000704c00000, 0x0000000704c00000, 0x0000000704e00000|  0%| F|  |TAMS 0x0000000704c00000| PB 0x0000000704c00000| Untracked 
|   1|0x0000000704e00000, 0x0000000704e00000, 0x0000000705000000|  0%| F|  |TAMS 0x0000000704e00000| PB 0x0000000704e00000| Untracked 
|   2|0x0000000705000000, 0x0000000705000000, 0x0000000705200000|  0%| F|  |TAMS 0x0000000705000000| PB 0x0000000705000000| Untracked 
|   3|0x0000000705200000, 0x0000000705200000, 0x0000000705400000|  0%| F|  |TAMS 0x0000000705200000| PB 0x0000000705200000| Untracked 
|   4|0x0000000705400000, 0x0000000705400000, 0x0000000705600000|  0%| F|  |TAMS 0x0000000705400000| PB 0x0000000705400000| Untracked 
|   5|0x0000000705600000, 0x0000000705600000, 0x0000000705800000|  0%| F|  |TAMS 0x0000000705600000| PB 0x0000000705600000| Untracked 
|   6|0x0000000705800000, 0x0000000705800000, 0x0000000705a00000|  0%| F|  |TAMS 0x0000000705800000| PB 0x0000000705800000| Untracked 
|   7|0x0000000705a00000, 0x0000000705a00000, 0x0000000705c00000|  0%| F|  |TAMS 0x0000000705a00000| PB 0x0000000705a00000| Untracked 
|   8|0x0000000705c00000, 0x0000000705c00000, 0x0000000705e00000|  0%| F|  |TAMS 0x0000000705c00000| PB 0x0000000705c00000| Untracked 
|   9|0x0000000705e00000, 0x0000000705e00000, 0x0000000706000000|  0%| F|  |TAMS 0x0000000705e00000| PB 0x0000000705e00000| Untracked 
|  10|0x0000000706000000, 0x0000000706000000, 0x0000000706200000|  0%| F|  |TAMS 0x0000000706000000| PB 0x0000000706000000| Untracked 
|  11|0x0000000706200000, 0x0000000706200000, 0x0000000706400000|  0%| F|  |TAMS 0x0000000706200000| PB 0x0000000706200000| Untracked 
|  12|0x0000000706400000, 0x0000000706400000, 0x0000000706600000|  0%| F|  |TAMS 0x0000000706400000| PB 0x0000000706400000| Untracked 
|  13|0x0000000706600000, 0x0000000706600000, 0x0000000706800000|  0%| F|  |TAMS 0x0000000706600000| PB 0x0000000706600000| Untracked 
|  14|0x0000000706800000, 0x0000000706800000, 0x0000000706a00000|  0%| F|  |TAMS 0x0000000706800000| PB 0x0000000706800000| Untracked 
|  15|0x0000000706a00000, 0x0000000706a00000, 0x0000000706c00000|  0%| F|  |TAMS 0x0000000706a00000| PB 0x0000000706a00000| Untracked 
|  16|0x0000000706c00000, 0x0000000706c00000, 0x0000000706e00000|  0%| F|  |TAMS 0x0000000706c00000| PB 0x0000000706c00000| Untracked 
|  17|0x0000000706e00000, 0x0000000706e00000, 0x0000000707000000|  0%| F|  |TAMS 0x0000000706e00000| PB 0x0000000706e00000| Untracked 
|  18|0x0000000707000000, 0x0000000707000000, 0x0000000707200000|  0%| F|  |TAMS 0x0000000707000000| PB 0x0000000707000000| Untracked 
|  19|0x0000000707200000, 0x0000000707200000, 0x0000000707400000|  0%| F|  |TAMS 0x0000000707200000| PB 0x0000000707200000| Untracked 
|  20|0x0000000707400000, 0x0000000707400000, 0x0000000707600000|  0%| F|  |TAMS 0x0000000707400000| PB 0x0000000707400000| Untracked 
|  21|0x0000000707600000, 0x0000000707600000, 0x0000000707800000|  0%| F|  |TAMS 0x0000000707600000| PB 0x0000000707600000| Untracked 
|  22|0x0000000707800000, 0x0000000707800000, 0x0000000707a00000|  0%| F|  |TAMS 0x0000000707800000| PB 0x0000000707800000| Untracked 
|  23|0x0000000707a00000, 0x0000000707a00000, 0x0000000707c00000|  0%| F|  |TAMS 0x0000000707a00000| PB 0x0000000707a00000| Untracked 
|  24|0x0000000707c00000, 0x0000000707c00000, 0x0000000707e00000|  0%| F|  |TAMS 0x0000000707c00000| PB 0x0000000707c00000| Untracked 
|  25|0x0000000707e00000, 0x0000000707e00000, 0x0000000708000000|  0%| F|  |TAMS 0x0000000707e00000| PB 0x0000000707e00000| Untracked 
|  26|0x0000000708000000, 0x0000000708000000, 0x0000000708200000|  0%| F|  |TAMS 0x0000000708000000| PB 0x0000000708000000| Untracked 
|  27|0x0000000708200000, 0x0000000708200000, 0x0000000708400000|  0%| F|  |TAMS 0x0000000708200000| PB 0x0000000708200000| Untracked 
|  28|0x0000000708400000, 0x0000000708400000, 0x0000000708600000|  0%| F|  |TAMS 0x0000000708400000| PB 0x0000000708400000| Untracked 
|  29|0x0000000708600000, 0x0000000708600000, 0x0000000708800000|  0%| F|  |TAMS 0x0000000708600000| PB 0x0000000708600000| Untracked 
|  30|0x0000000708800000, 0x0000000708800000, 0x0000000708a00000|  0%| F|  |TAMS 0x0000000708800000| PB 0x0000000708800000| Untracked 
|  31|0x0000000708a00000, 0x0000000708a00000, 0x0000000708c00000|  0%| F|  |TAMS 0x0000000708a00000| PB 0x0000000708a00000| Untracked 
|  32|0x0000000708c00000, 0x0000000708c00000, 0x0000000708e00000|  0%| F|  |TAMS 0x0000000708c00000| PB 0x0000000708c00000| Untracked 
|  33|0x0000000708e00000, 0x0000000708e00000, 0x0000000709000000|  0%| F|  |TAMS 0x0000000708e00000| PB 0x0000000708e00000| Untracked 
|  34|0x0000000709000000, 0x0000000709000000, 0x0000000709200000|  0%| F|  |TAMS 0x0000000709000000| PB 0x0000000709000000| Untracked 
|  35|0x0000000709200000, 0x0000000709200000, 0x0000000709400000|  0%| F|  |TAMS 0x0000000709200000| PB 0x0000000709200000| Untracked 
|  36|0x0000000709400000, 0x0000000709400000, 0x0000000709600000|  0%| F|  |TAMS 0x0000000709400000| PB 0x0000000709400000| Untracked 
|  37|0x0000000709600000, 0x0000000709600000, 0x0000000709800000|  0%| F|  |TAMS 0x0000000709600000| PB 0x0000000709600000| Untracked 
|  38|0x0000000709800000, 0x0000000709800000, 0x0000000709a00000|  0%| F|  |TAMS 0x0000000709800000| PB 0x0000000709800000| Untracked 
|  39|0x0000000709a00000, 0x0000000709a00000, 0x0000000709c00000|  0%| F|  |TAMS 0x0000000709a00000| PB 0x0000000709a00000| Untracked 
|  40|0x0000000709c00000, 0x0000000709c00000, 0x0000000709e00000|  0%| F|  |TAMS 0x0000000709c00000| PB 0x0000000709c00000| Untracked 
|  41|0x0000000709e00000, 0x0000000709e00000, 0x000000070a000000|  0%| F|  |TAMS 0x0000000709e00000| PB 0x0000000709e00000| Untracked 
|  42|0x000000070a000000, 0x000000070a000000, 0x000000070a200000|  0%| F|  |TAMS 0x000000070a000000| PB 0x000000070a000000| Untracked 
|  43|0x000000070a200000, 0x000000070a200000, 0x000000070a400000|  0%| F|  |TAMS 0x000000070a200000| PB 0x000000070a200000| Untracked 
|  44|0x000000070a400000, 0x000000070a400000, 0x000000070a600000|  0%| F|  |TAMS 0x000000070a400000| PB 0x000000070a400000| Untracked 
|  45|0x000000070a600000, 0x000000070a600000, 0x000000070a800000|  0%| F|  |TAMS 0x000000070a600000| PB 0x000000070a600000| Untracked 
|  46|0x000000070a800000, 0x000000070a800000, 0x000000070aa00000|  0%| F|  |TAMS 0x000000070a800000| PB 0x000000070a800000| Untracked 
|  47|0x000000070aa00000, 0x000000070aa00000, 0x000000070ac00000|  0%| F|  |TAMS 0x000000070aa00000| PB 0x000000070aa00000| Untracked 
|  48|0x000000070ac00000, 0x000000070ac00000, 0x000000070ae00000|  0%| F|  |TAMS 0x000000070ac00000| PB 0x000000070ac00000| Untracked 
|  49|0x000000070ae00000, 0x000000070ae00000, 0x000000070b000000|  0%| F|  |TAMS 0x000000070ae00000| PB 0x000000070ae00000| Untracked 
|  50|0x000000070b000000, 0x000000070b000000, 0x000000070b200000|  0%| F|  |TAMS 0x000000070b000000| PB 0x000000070b000000| Untracked 
|  51|0x000000070b200000, 0x000000070b200000, 0x000000070b400000|  0%| F|  |TAMS 0x000000070b200000| PB 0x000000070b200000| Untracked 
|  52|0x000000070b400000, 0x000000070b400000, 0x000000070b600000|  0%| F|  |TAMS 0x000000070b400000| PB 0x000000070b400000| Untracked 
|  53|0x000000070b600000, 0x000000070b600000, 0x000000070b800000|  0%| F|  |TAMS 0x000000070b600000| PB 0x000000070b600000| Untracked 
|  54|0x000000070b800000, 0x000000070b800000, 0x000000070ba00000|  0%| F|  |TAMS 0x000000070b800000| PB 0x000000070b800000| Untracked 
|  55|0x000000070ba00000, 0x000000070ba00000, 0x000000070bc00000|  0%| F|  |TAMS 0x000000070ba00000| PB 0x000000070ba00000| Untracked 
|  56|0x000000070bc00000, 0x000000070bc00000, 0x000000070be00000|  0%| F|  |TAMS 0x000000070bc00000| PB 0x000000070bc00000| Untracked 
|  57|0x000000070be00000, 0x000000070be00000, 0x000000070c000000|  0%| F|  |TAMS 0x000000070be00000| PB 0x000000070be00000| Untracked 
|  58|0x000000070c000000, 0x000000070c000000, 0x000000070c200000|  0%| F|  |TAMS 0x000000070c000000| PB 0x000000070c000000| Untracked 
|  59|0x000000070c200000, 0x000000070c200000, 0x000000070c400000|  0%| F|  |TAMS 0x000000070c200000| PB 0x000000070c200000| Untracked 
|  60|0x000000070c400000, 0x000000070c400000, 0x000000070c600000|  0%| F|  |TAMS 0x000000070c400000| PB 0x000000070c400000| Untracked 
|  61|0x000000070c600000, 0x000000070c600000, 0x000000070c800000|  0%| F|  |TAMS 0x000000070c600000| PB 0x000000070c600000| Untracked 
|  62|0x000000070c800000, 0x000000070c800000, 0x000000070ca00000|  0%| F|  |TAMS 0x000000070c800000| PB 0x000000070c800000| Untracked 
|  63|0x000000070ca00000, 0x000000070ca00000, 0x000000070cc00000|  0%| F|  |TAMS 0x000000070ca00000| PB 0x000000070ca00000| Untracked 
|  64|0x000000070cc00000, 0x000000070cc00000, 0x000000070ce00000|  0%| F|  |TAMS 0x000000070cc00000| PB 0x000000070cc00000| Untracked 
|  65|0x000000070ce00000, 0x000000070ce00000, 0x000000070d000000|  0%| F|  |TAMS 0x000000070ce00000| PB 0x000000070ce00000| Untracked 
|  66|0x000000070d000000, 0x000000070d000000, 0x000000070d200000|  0%| F|  |TAMS 0x000000070d000000| PB 0x000000070d000000| Untracked 
|  67|0x000000070d200000, 0x000000070d200000, 0x000000070d400000|  0%| F|  |TAMS 0x000000070d200000| PB 0x000000070d200000| Untracked 
|  68|0x000000070d400000, 0x000000070d400000, 0x000000070d600000|  0%| F|  |TAMS 0x000000070d400000| PB 0x000000070d400000| Untracked 
|  69|0x000000070d600000, 0x000000070d600000, 0x000000070d800000|  0%| F|  |TAMS 0x000000070d600000| PB 0x000000070d600000| Untracked 
|  70|0x000000070d800000, 0x000000070d800000, 0x000000070da00000|  0%| F|  |TAMS 0x000000070d800000| PB 0x000000070d800000| Untracked 
|  71|0x000000070da00000, 0x000000070da00000, 0x000000070dc00000|  0%| F|  |TAMS 0x000000070da00000| PB 0x000000070da00000| Untracked 
|  72|0x000000070dc00000, 0x000000070dc00000, 0x000000070de00000|  0%| F|  |TAMS 0x000000070dc00000| PB 0x000000070dc00000| Untracked 
|  73|0x000000070de00000, 0x000000070de00000, 0x000000070e000000|  0%| F|  |TAMS 0x000000070de00000| PB 0x000000070de00000| Untracked 
|  74|0x000000070e000000, 0x000000070e000000, 0x000000070e200000|  0%| F|  |TAMS 0x000000070e000000| PB 0x000000070e000000| Untracked 
|  75|0x000000070e200000, 0x000000070e200000, 0x000000070e400000|  0%| F|  |TAMS 0x000000070e200000| PB 0x000000070e200000| Untracked 
|  76|0x000000070e400000, 0x000000070e400000, 0x000000070e600000|  0%| F|  |TAMS 0x000000070e400000| PB 0x000000070e400000| Untracked 
|  77|0x000000070e600000, 0x000000070e600000, 0x000000070e800000|  0%| F|  |TAMS 0x000000070e600000| PB 0x000000070e600000| Untracked 
|  78|0x000000070e800000, 0x000000070e800000, 0x000000070ea00000|  0%| F|  |TAMS 0x000000070e800000| PB 0x000000070e800000| Untracked 
|  79|0x000000070ea00000, 0x000000070ea00000, 0x000000070ec00000|  0%| F|  |TAMS 0x000000070ea00000| PB 0x000000070ea00000| Untracked 
|  80|0x000000070ec00000, 0x000000070ec00000, 0x000000070ee00000|  0%| F|  |TAMS 0x000000070ec00000| PB 0x000000070ec00000| Untracked 
|  81|0x000000070ee00000, 0x000000070ee00000, 0x000000070f000000|  0%| F|  |TAMS 0x000000070ee00000| PB 0x000000070ee00000| Untracked 
|  82|0x000000070f000000, 0x000000070f000000, 0x000000070f200000|  0%| F|  |TAMS 0x000000070f000000| PB 0x000000070f000000| Untracked 
|  83|0x000000070f200000, 0x000000070f200000, 0x000000070f400000|  0%| F|  |TAMS 0x000000070f200000| PB 0x000000070f200000| Untracked 
|  84|0x000000070f400000, 0x000000070f400000, 0x000000070f600000|  0%| F|  |TAMS 0x000000070f400000| PB 0x000000070f400000| Untracked 
|  85|0x000000070f600000, 0x000000070f600000, 0x000000070f800000|  0%| F|  |TAMS 0x000000070f600000| PB 0x000000070f600000| Untracked 
|  86|0x000000070f800000, 0x000000070f800000, 0x000000070fa00000|  0%| F|  |TAMS 0x000000070f800000| PB 0x000000070f800000| Untracked 
|  87|0x000000070fa00000, 0x000000070fa00000, 0x000000070fc00000|  0%| F|  |TAMS 0x000000070fa00000| PB 0x000000070fa00000| Untracked 
|  88|0x000000070fc00000, 0x000000070fc00000, 0x000000070fe00000|  0%| F|  |TAMS 0x000000070fc00000| PB 0x000000070fc00000| Untracked 
|  89|0x000000070fe00000, 0x000000070fe00000, 0x0000000710000000|  0%| F|  |TAMS 0x000000070fe00000| PB 0x000000070fe00000| Untracked 
|  90|0x0000000710000000, 0x0000000710000000, 0x0000000710200000|  0%| F|  |TAMS 0x0000000710000000| PB 0x0000000710000000| Untracked 
|  91|0x0000000710200000, 0x0000000710200000, 0x0000000710400000|  0%| F|  |TAMS 0x0000000710200000| PB 0x0000000710200000| Untracked 
|  92|0x0000000710400000, 0x0000000710400000, 0x0000000710600000|  0%| F|  |TAMS 0x0000000710400000| PB 0x0000000710400000| Untracked 
|  93|0x0000000710600000, 0x0000000710600000, 0x0000000710800000|  0%| F|  |TAMS 0x0000000710600000| PB 0x0000000710600000| Untracked 
|  94|0x0000000710800000, 0x0000000710800000, 0x0000000710a00000|  0%| F|  |TAMS 0x0000000710800000| PB 0x0000000710800000| Untracked 
|  95|0x0000000710a00000, 0x0000000710a00000, 0x0000000710c00000|  0%| F|  |TAMS 0x0000000710a00000| PB 0x0000000710a00000| Untracked 
|  96|0x0000000710c00000, 0x0000000710c00000, 0x0000000710e00000|  0%| F|  |TAMS 0x0000000710c00000| PB 0x0000000710c00000| Untracked 
|  97|0x0000000710e00000, 0x0000000710e00000, 0x0000000711000000|  0%| F|  |TAMS 0x0000000710e00000| PB 0x0000000710e00000| Untracked 
|  98|0x0000000711000000, 0x0000000711000000, 0x0000000711200000|  0%| F|  |TAMS 0x0000000711000000| PB 0x0000000711000000| Untracked 
|  99|0x0000000711200000, 0x0000000711200000, 0x0000000711400000|  0%| F|  |TAMS 0x0000000711200000| PB 0x0000000711200000| Untracked 
| 100|0x0000000711400000, 0x0000000711400000, 0x0000000711600000|  0%| F|  |TAMS 0x0000000711400000| PB 0x0000000711400000| Untracked 
| 101|0x0000000711600000, 0x0000000711600000, 0x0000000711800000|  0%| F|  |TAMS 0x0000000711600000| PB 0x0000000711600000| Untracked 
| 102|0x0000000711800000, 0x0000000711800000, 0x0000000711a00000|  0%| F|  |TAMS 0x0000000711800000| PB 0x0000000711800000| Untracked 
| 103|0x0000000711a00000, 0x0000000711a00000, 0x0000000711c00000|  0%| F|  |TAMS 0x0000000711a00000| PB 0x0000000711a00000| Untracked 
| 104|0x0000000711c00000, 0x0000000711c00000, 0x0000000711e00000|  0%| F|  |TAMS 0x0000000711c00000| PB 0x0000000711c00000| Untracked 
| 105|0x0000000711e00000, 0x0000000711e00000, 0x0000000712000000|  0%| F|  |TAMS 0x0000000711e00000| PB 0x0000000711e00000| Untracked 
| 106|0x0000000712000000, 0x0000000712000000, 0x0000000712200000|  0%| F|  |TAMS 0x0000000712000000| PB 0x0000000712000000| Untracked 
| 107|0x0000000712200000, 0x0000000712200000, 0x0000000712400000|  0%| F|  |TAMS 0x0000000712200000| PB 0x0000000712200000| Untracked 
| 108|0x0000000712400000, 0x0000000712400000, 0x0000000712600000|  0%| F|  |TAMS 0x0000000712400000| PB 0x0000000712400000| Untracked 
| 109|0x0000000712600000, 0x0000000712600000, 0x0000000712800000|  0%| F|  |TAMS 0x0000000712600000| PB 0x0000000712600000| Untracked 
| 110|0x0000000712800000, 0x0000000712800000, 0x0000000712a00000|  0%| F|  |TAMS 0x0000000712800000| PB 0x0000000712800000| Untracked 
| 111|0x0000000712a00000, 0x0000000712a00000, 0x0000000712c00000|  0%| F|  |TAMS 0x0000000712a00000| PB 0x0000000712a00000| Untracked 
| 112|0x0000000712c00000, 0x0000000712c00000, 0x0000000712e00000|  0%| F|  |TAMS 0x0000000712c00000| PB 0x0000000712c00000| Untracked 
| 113|0x0000000712e00000, 0x0000000712e00000, 0x0000000713000000|  0%| F|  |TAMS 0x0000000712e00000| PB 0x0000000712e00000| Untracked 
| 114|0x0000000713000000, 0x0000000713000000, 0x0000000713200000|  0%| F|  |TAMS 0x0000000713000000| PB 0x0000000713000000| Untracked 
| 115|0x0000000713200000, 0x0000000713200000, 0x0000000713400000|  0%| F|  |TAMS 0x0000000713200000| PB 0x0000000713200000| Untracked 
| 116|0x0000000713400000, 0x0000000713400000, 0x0000000713600000|  0%| F|  |TAMS 0x0000000713400000| PB 0x0000000713400000| Untracked 
| 117|0x0000000713600000, 0x0000000713600000, 0x0000000713800000|  0%| F|  |TAMS 0x0000000713600000| PB 0x0000000713600000| Untracked 
| 118|0x0000000713800000, 0x0000000713a00000, 0x0000000713a00000|100%| E|  |TAMS 0x0000000713800000| PB 0x0000000713800000| Complete 
| 119|0x0000000713a00000, 0x0000000713c00000, 0x0000000713c00000|100%| E|CS|TAMS 0x0000000713a00000| PB 0x0000000713a00000| Complete 
| 120|0x0000000713c00000, 0x0000000713e00000, 0x0000000713e00000|100%| E|CS|TAMS 0x0000000713c00000| PB 0x0000000713c00000| Complete 
| 121|0x0000000713e00000, 0x0000000714000000, 0x0000000714000000|100%| E|CS|TAMS 0x0000000713e00000| PB 0x0000000713e00000| Complete 
| 122|0x0000000714000000, 0x0000000714200000, 0x0000000714200000|100%| E|CS|TAMS 0x0000000714000000| PB 0x0000000714000000| Complete 
| 123|0x0000000714200000, 0x0000000714400000, 0x0000000714400000|100%| E|CS|TAMS 0x0000000714200000| PB 0x0000000714200000| Complete 
| 124|0x0000000714400000, 0x0000000714600000, 0x0000000714600000|100%| E|CS|TAMS 0x0000000714400000| PB 0x0000000714400000| Complete 
| 125|0x0000000714600000, 0x0000000714800000, 0x0000000714800000|100%| E|CS|TAMS 0x0000000714600000| PB 0x0000000714600000| Complete 

Card table byte_map: [0x0000015ae34d0000,0x0000015ae3cb0000] _byte_map_base: 0x0000015adfcaa000

Marking Bits: (CMBitMap*) 0x0000015ace8bfb30
 Bits: [0x0000015ae3cb0000, 0x0000015ae7b80000)

Polling page: 0x0000015ad00d0000

Metaspace:

Usage:
  Non-class:     14.74 MB used.
      Class:      1.75 MB used.
       Both:     16.49 MB used.

Virtual space:
  Non-class space:       64.00 MB reserved,      14.88 MB ( 23%) committed,  1 nodes.
      Class space:        1.00 GB reserved,       1.88 MB ( <1%) committed,  1 nodes.
             Both:        1.06 GB reserved,      16.75 MB (  2%) committed. 

Chunk freelists:
   Non-Class:  768.00 KB
       Class:  14.16 MB
        Both:  14.91 MB

MaxMetaspaceSize: unlimited
CompressedClassSpaceSize: 1.00 GB
Initial GC threshold: 21.00 MB
Current GC threshold: 21.00 MB
CDS: off
 - commit_granule_bytes: 65536.
 - commit_granule_words: 8192.
 - virtual_space_node_default_size: 8388608.
 - enlarge_chunks_in_place: 1.
 - use_allocation_guard: 0.


Internal statistics:

num_allocs_failed_limit: 0.
num_arena_births: 244.
num_arena_deaths: 0.
num_vsnodes_births: 2.
num_vsnodes_deaths: 0.
num_space_committed: 268.
num_space_uncommitted: 0.
num_chunks_returned_to_freelist: 0.
num_chunks_taken_from_freelist: 439.
num_chunk_merges: 0.
num_chunk_splits: 242.
num_chunks_enlarged: 111.
num_inconsistent_stats: 0.

CodeHeap 'non-profiled nmethods': size=120000Kb used=414Kb max_used=414Kb free=119585Kb
 bounds [0x0000015adad40000, 0x0000015adafb0000, 0x0000015ae2270000]
CodeHeap 'profiled nmethods': size=120000Kb used=1862Kb max_used=1862Kb free=118137Kb
 bounds [0x0000015ad3270000, 0x0000015ad34e0000, 0x0000015ada7a0000]
CodeHeap 'non-nmethods': size=5760Kb used=1560Kb max_used=1583Kb free=4199Kb
 bounds [0x0000015ada7a0000, 0x0000015adaa10000, 0x0000015adad40000]
 total_blobs=1686 nmethods=1170 adapters=421
 compilation: enabled
              stopped_count=0, restarted_count=0
 full_count=0

Compilation events (20 events):
Event: 1.888 Thread 0x0000015aea787bf0 nmethod 1162 0x0000015ad343ca10 code [0x0000015ad343cbe0, 0x0000015ad343cde8]
Event: 1.888 Thread 0x0000015aea787bf0 1163       3       java.lang.invoke.MethodHandles$Lookup::linkMethodHandleConstant (223 bytes)
Event: 1.888 Thread 0x0000015aef446770 1164       4       java.lang.Class::getClassLoader (28 bytes)
Event: 1.889 Thread 0x0000015aef446770 nmethod 1164 0x0000015adada6610 code [0x0000015adada67a0, 0x0000015adada6840]
Event: 1.889 Thread 0x0000015aea787bf0 nmethod 1163 0x0000015ad343cf90 code [0x0000015ad343d380, 0x0000015ad343eb78]
Event: 1.889 Thread 0x0000015aea7b3cf0 nmethod 1159 0x0000015adada6910 code [0x0000015adada6ae0, 0x0000015adada70e0]
Event: 1.890 Thread 0x0000015aea787bf0 1165       3       java.nio.ByteBuffer::hasArray (20 bytes)
Event: 1.890 Thread 0x0000015aea787bf0 nmethod 1165 0x0000015ad343f310 code [0x0000015ad343f4c0, 0x0000015ad343f658]
Event: 1.890 Thread 0x0000015aea787bf0 1166   !   3       jdk.internal.misc.ScopedMemoryAccess::copyMemory (27 bytes)
Event: 1.891 Thread 0x0000015aea787bf0 nmethod 1166 0x0000015ad343f710 code [0x0000015ad343f920, 0x0000015ad343ff40]
Event: 1.891 Thread 0x0000015aea787bf0 1168       3       java.util.concurrent.locks.ReentrantLock$Sync::tryRelease (51 bytes)
Event: 1.891 Thread 0x0000015aea787bf0 nmethod 1168 0x0000015ad3440310 code [0x0000015ad34404e0, 0x0000015ad3440818]
Event: 1.891 Thread 0x0000015aea787bf0 1169       3       java.util.concurrent.locks.ReentrantLock::unlock (10 bytes)
Event: 1.891 Thread 0x0000015aea787bf0 nmethod 1169 0x0000015ad3440910 code [0x0000015ad3440ae0, 0x0000015ad3440dc0]
Event: 1.891 Thread 0x0000015aea787bf0 1170       1       java.util.concurrent.atomic.AtomicInteger::get (5 bytes)
Event: 1.891 Thread 0x0000015aea787bf0 nmethod 1170 0x0000015adada7390 code [0x0000015adada7520, 0x0000015adada75e8]
Event: 1.891 Thread 0x0000015aea787bf0 1167   !   3       jdk.internal.misc.ScopedMemoryAccess::copyMemoryInternal (56 bytes)
Event: 1.891 Thread 0x0000015aea787bf0 nmethod 1167 0x0000015ad3440f10 code [0x0000015ad3441100, 0x0000015ad3441638]
Event: 1.892 Thread 0x0000015aea787bf0 1171       1       sun.security.provider.DigestBase::engineGetDigestLength (5 bytes)
Event: 1.892 Thread 0x0000015aea787bf0 nmethod 1171 0x0000015adada7690 code [0x0000015adada7820, 0x0000015adada78e8]

GC Heap History (0 events):
No events

Dll operation events (2 events):
Event: 0.006 Loaded shared library C:\Program Files\Android\Android Studio\jbr\bin\java.dll
Event: 0.402 Loaded shared library C:\Program Files\Android\Android Studio\jbr\bin\zip.dll

Deoptimization events (20 events):
Event: 1.854 Thread 0x0000015aef4343d0 Uncommon trap: trap_request=0xffffff66 fr.pc=0x0000015adad9b140 relative=0x0000000000000260
Event: 1.854 Thread 0x0000015aef4343d0 Uncommon trap: reason=speculate_class_check action=maybe_recompile pc=0x0000015adad9b140 method=sun.security.util.math.intpoly.IntegerPolynomial.multByInt([JJ)V @ 26 c2
Event: 1.854 Thread 0x0000015aef4343d0 DEOPT PACKING pc=0x0000015adad9b140 sp=0x0000005976bfe0a0
Event: 1.854 Thread 0x0000015aef4343d0 DEOPT UNPACKING pc=0x0000015ada7f7da2 sp=0x0000005976bfdff0 mode 2
Event: 1.854 Thread 0x0000015aef4343d0 Uncommon trap: trap_request=0xffffffde fr.pc=0x0000015adad96084 relative=0x00000000000001c4
Event: 1.854 Thread 0x0000015aef4343d0 Uncommon trap: reason=class_check action=maybe_recompile pc=0x0000015adad96084 method=sun.security.util.math.intpoly.IntegerPolynomial.multByInt([JJ)V @ 26 c2
Event: 1.854 Thread 0x0000015aef4343d0 DEOPT PACKING pc=0x0000015adad96084 sp=0x0000005976bfe020
Event: 1.854 Thread 0x0000015aef4343d0 DEOPT UNPACKING pc=0x0000015ada7f7da2 sp=0x0000005976bfdff0 mode 2
Event: 1.854 Thread 0x0000015aef4343d0 Uncommon trap: trap_request=0xffffffde fr.pc=0x0000015adad96084 relative=0x00000000000001c4
Event: 1.854 Thread 0x0000015aef4343d0 Uncommon trap: reason=class_check action=maybe_recompile pc=0x0000015adad96084 method=sun.security.util.math.intpoly.IntegerPolynomial.multByInt([JJ)V @ 26 c2
Event: 1.854 Thread 0x0000015aef4343d0 DEOPT PACKING pc=0x0000015adad96084 sp=0x0000005976bfe020
Event: 1.854 Thread 0x0000015aef4343d0 DEOPT UNPACKING pc=0x0000015ada7f7da2 sp=0x0000005976bfdff0 mode 2
Event: 1.854 Thread 0x0000015aef4343d0 Uncommon trap: trap_request=0xffffffde fr.pc=0x0000015adad96084 relative=0x00000000000001c4
Event: 1.854 Thread 0x0000015aef4343d0 Uncommon trap: reason=class_check action=maybe_recompile pc=0x0000015adad96084 method=sun.security.util.math.intpoly.IntegerPolynomial.multByInt([JJ)V @ 26 c2
Event: 1.854 Thread 0x0000015aef4343d0 DEOPT PACKING pc=0x0000015adad96084 sp=0x0000005976bfe020
Event: 1.854 Thread 0x0000015aef4343d0 DEOPT UNPACKING pc=0x0000015ada7f7da2 sp=0x0000005976bfdff0 mode 2
Event: 1.854 Thread 0x0000015aef4343d0 Uncommon trap: trap_request=0xffffffde fr.pc=0x0000015adad96084 relative=0x00000000000001c4
Event: 1.854 Thread 0x0000015aef4343d0 Uncommon trap: reason=class_check action=maybe_recompile pc=0x0000015adad96084 method=sun.security.util.math.intpoly.IntegerPolynomial.multByInt([JJ)V @ 26 c2
Event: 1.854 Thread 0x0000015aef4343d0 DEOPT PACKING pc=0x0000015adad96084 sp=0x0000005976bfe020
Event: 1.854 Thread 0x0000015aef4343d0 DEOPT UNPACKING pc=0x0000015ada7f7da2 sp=0x0000005976bfdff0 mode 2

Classes loaded (20 events):
Event: 1.873 Loading class jdk/internal/event/TLSHandshakeEvent
Event: 1.873 Loading class jdk/internal/event/TLSHandshakeEvent done
Event: 1.873 Loading class com/sun/crypto/provider/GaloisCounterMode$GCMEncrypt
Event: 1.873 Loading class com/sun/crypto/provider/GaloisCounterMode$GCMEncrypt done
Event: 1.874 Loading class com/sun/crypto/provider/GaloisCounterMode$EncryptOp
Event: 1.874 Loading class com/sun/crypto/provider/GaloisCounterMode$EncryptOp done
Event: 1.874 Loading class sun/security/ssl/CipherSuite$1
Event: 1.874 Loading class sun/security/ssl/CipherSuite$1 done
Event: 1.874 Loading class java/util/concurrent/CompletionException
Event: 1.874 Loading class java/util/concurrent/CompletionException done
Event: 1.885 Loading class java/util/Collections$UnmodifiableMap$UnmodifiableEntrySet
Event: 1.885 Loading class java/util/Collections$UnmodifiableMap$UnmodifiableEntrySet done
Event: 1.885 Loading class java/util/Collections$UnmodifiableMap$UnmodifiableEntrySet$1
Event: 1.885 Loading class java/util/Collections$UnmodifiableMap$UnmodifiableEntrySet$1 done
Event: 1.885 Loading class java/util/Collections$UnmodifiableMap$UnmodifiableEntrySet$UnmodifiableEntry
Event: 1.885 Loading class java/util/Collections$UnmodifiableMap$UnmodifiableEntrySet$UnmodifiableEntry done
Event: 1.892 Loading class sun/security/ssl/NewSessionTicket$T13NewSessionTicketMessage
Event: 1.892 Loading class sun/security/ssl/NewSessionTicket$NewSessionTicketMessage
Event: 1.892 Loading class sun/security/ssl/NewSessionTicket$NewSessionTicketMessage done
Event: 1.892 Loading class sun/security/ssl/NewSessionTicket$T13NewSessionTicketMessage done

Classes unloaded (0 events):
No events

Classes redefined (0 events):
No events

Internal exceptions (20 events):
Event: 1.669 Thread 0x0000015ace85f430 Exception <a 'java/lang/NoSuchMethodError'{0x0000000714111d90}: 'int java.lang.invoke.DirectMethodHandle$Holder.invokeStaticInit(java.lang.Object, long, long)'> (0x0000000714111d90) 
thrown [s\src\hotspot\share\interpreter\linkResolver.cpp, line 784]
Event: 1.670 Thread 0x0000015ace85f430 Exception <a 'java/lang/NoSuchMethodError'{0x0000000714118828}: 'int java.lang.invoke.DirectMethodHandle$Holder.invokeStaticInit(java.lang.Object, float, float)'> (0x0000000714118828) 
thrown [s\src\hotspot\share\interpreter\linkResolver.cpp, line 784]
Event: 1.670 Thread 0x0000015ace85f430 Exception <a 'java/lang/NoSuchMethodError'{0x000000071411f2b8}: 'int java.lang.invoke.DirectMethodHandle$Holder.invokeStaticInit(java.lang.Object, double, double)'> (0x000000071411f2b8) 
thrown [s\src\hotspot\share\interpreter\linkResolver.cpp, line 784]
Event: 1.670 Thread 0x0000015ace85f430 Exception <a 'java/lang/NoSuchMethodError'{0x0000000714123a68}: 'int java.lang.invoke.DirectMethodHandle$Holder.invokeStatic(java.lang.Object, long)'> (0x0000000714123a68) 
thrown [s\src\hotspot\share\interpreter\linkResolver.cpp, line 784]
Event: 1.673 Thread 0x0000015ace85f430 Exception <a 'java/lang/NoSuchMethodError'{0x0000000714150848}: 'java.lang.Object java.lang.invoke.DelegatingMethodHandle$Holder.delegate(java.lang.Object, int, java.lang.Object, java.lang.Object)'> (0x0000000714150848) 
thrown [s\src\hotspot\share\interpreter\linkResolver.cpp, line 784]
Event: 1.674 Thread 0x0000015ace85f430 Exception <a 'java/lang/NoSuchMethodError'{0x000000071415fdd0}: 'int java.lang.invoke.Invokers$Holder.linkToTargetMethod(java.lang.Object, java.lang.Object, java.lang.Object)'> (0x000000071415fdd0) 
thrown [s\src\hotspot\share\interpreter\linkResolver.cpp, line 784]
Event: 1.676 Thread 0x0000015ace85f430 Exception <a 'java/lang/NoSuchMethodError'{0x000000071418ede8}: 'long java.lang.invoke.DirectMethodHandle$Holder.invokeSpecial(java.lang.Object, java.lang.Object)'> (0x000000071418ede8) 
thrown [s\src\hotspot\share\interpreter\linkResolver.cpp, line 784]
Event: 1.676 Thread 0x0000015ace85f430 Exception <a 'java/lang/NoSuchMethodError'{0x00000007141956b8}: 'int java.lang.invoke.DirectMethodHandle$Holder.invokeStatic(java.lang.Object, java.lang.Object, java.lang.Object, java.lang.Object)'> (0x00000007141956b8) 
thrown [s\src\hotspot\share\interpreter\linkResolver.cpp, line 784]
Event: 1.677 Thread 0x0000015ace85f430 Exception <a 'java/lang/NoSuchMethodError'{0x0000000714198ad8}: 'java.lang.Object java.lang.invoke.Invokers$Holder.invokeExact_MT(java.lang.Object, java.lang.Object, java.lang.Object, java.lang.Object, java.lang.Object, java.lang.Object)'> (0x0000000714198ad8) 
thrown [s\src\hotspot\share\interpreter\linkResolver.cpp, line 784]
Event: 1.737 Thread 0x0000015ace85f430 Exception <a 'java/lang/NoSuchMethodError'{0x0000000713f21938}: 'java.lang.Object java.lang.invoke.DirectMethodHandle$Holder.newInvokeSpecial(java.lang.Object, java.lang.Object, java.lang.Object, java.lang.Object, java.lang.Object)'> (0x0000000713f21938) 
thrown [s\src\hotspot\share\interpreter\linkResolver.cpp, line 784]
Event: 1.754 Thread 0x0000015ace85f430 Exception <a 'java/lang/NoSuchMethodError'{0x0000000713ceea10}: 'java.lang.Object java.lang.invoke.DirectMethodHandle$Holder.invokeSpecial(java.lang.Object, java.lang.Object, java.lang.Object, java.lang.Object, int)'> (0x0000000713ceea10) 
thrown [s\src\hotspot\share\interpreter\linkResolver.cpp, line 784]
Event: 1.754 Thread 0x0000015ace85f430 Exception <a 'java/lang/NoSuchMethodError'{0x0000000713cf2378}: 'java.lang.Object java.lang.invoke.Invokers$Holder.linkToTargetMethod(java.lang.Object, java.lang.Object, int, java.lang.Object)'> (0x0000000713cf2378) 
thrown [s\src\hotspot\share\interpreter\linkResolver.cpp, line 784]
Event: 1.758 Thread 0x0000015ace85f430 Exception <a 'java/lang/NoSuchMethodError'{0x0000000713d1d3f0}: 'void java.lang.invoke.DirectMethodHandle$Holder.invokeSpecial(java.lang.Object, java.lang.Object, java.lang.Object)'> (0x0000000713d1d3f0) 
thrown [s\src\hotspot\share\interpreter\linkResolver.cpp, line 784]
Event: 1.768 Thread 0x0000015ace85f430 Exception <a 'java/lang/NoSuchMethodError'{0x0000000713da3638}: 'void java.lang.invoke.DirectMethodHandle$Holder.invokeSpecial(java.lang.Object, java.lang.Object, java.lang.Object, java.lang.Object, java.lang.Object)'> (0x0000000713da3638) 
thrown [s\src\hotspot\share\interpreter\linkResolver.cpp, line 784]
Event: 1.769 Thread 0x0000015aef36c990 Exception <a 'java/lang/NoSuchMethodError'{0x0000000713f7a918}: 'void java.lang.invoke.DirectMethodHandle$Holder.invokeStatic(java.lang.Object, java.lang.Object, int)'> (0x0000000713f7a918) 
thrown [s\src\hotspot\share\interpreter\linkResolver.cpp, line 784]
Event: 1.773 Thread 0x0000015aef36c990 Exception <a 'java/lang/NoSuchMethodError'{0x0000000713fb42a8}: 'void java.lang.invoke.DirectMethodHandle$Holder.invokeStatic(java.lang.Object, java.lang.Object)'> (0x0000000713fb42a8) 
thrown [s\src\hotspot\share\interpreter\linkResolver.cpp, line 784]
Event: 1.774 Thread 0x0000015aef4343d0 Exception <a 'java/lang/NoSuchMethodError'{0x0000000713de34c8}: 'void java.lang.invoke.DirectMethodHandle$Holder.invokeInterface(java.lang.Object, java.lang.Object, java.lang.Object)'> (0x0000000713de34c8) 
thrown [s\src\hotspot\share\interpreter\linkResolver.cpp, line 784]
Event: 1.777 Thread 0x0000015aef4343d0 Exception <a 'java/lang/NoSuchMethodError'{0x0000000713a296c0}: 'void java.lang.invoke.DirectMethodHandle$Holder.invokeVirtual(java.lang.Object, java.lang.Object)'> (0x0000000713a296c0) 
thrown [s\src\hotspot\share\interpreter\linkResolver.cpp, line 784]
Event: 1.850 Thread 0x0000015aef4343d0 Exception <a 'java/lang/NoSuchMethodError'{0x0000000713833048}: 'void java.lang.invoke.DirectMethodHandle$Holder.invokeInterface(java.lang.Object, java.lang.Object)'> (0x0000000713833048) 
thrown [s\src\hotspot\share\interpreter\linkResolver.cpp, line 784]
Event: 1.874 Thread 0x0000015aef4343d0 Exception <a 'java/lang/NoSuchMethodError'{0x00000007138a5828}: 'void java.lang.invoke.DirectMethodHandle$Holder.invokeStatic(java.lang.Object, java.lang.Object, java.lang.Object, java.lang.Object)'> (0x00000007138a5828) 
thrown [s\src\hotspot\share\interpreter\linkResolver.cpp, line 784]

ZGC Phase Switch (0 events):
No events

VM Operations (10 events):
Event: 1.480 Executing VM operation: HandshakeAllThreads (Deoptimize)
Event: 1.480 Executing VM operation: HandshakeAllThreads (Deoptimize) done
Event: 1.480 Executing VM operation: Cleanup
Event: 1.480 Executing VM operation: Cleanup done
Event: 1.486 Executing VM operation: HandshakeAllThreads (Deoptimize)
Event: 1.486 Executing VM operation: HandshakeAllThreads (Deoptimize) done
Event: 1.601 Executing VM operation: HandshakeAllThreads (Deoptimize)
Event: 1.601 Executing VM operation: HandshakeAllThreads (Deoptimize) done
Event: 2.601 Executing VM operation: Cleanup
Event: 2.601 Executing VM operation: Cleanup done

Memory protections (0 events):
No events

Nmethod flushes (0 events):
No events

Events (20 events):
Event: 1.439 Thread 0x0000015ace85f430 Thread added: 0x0000015aea79c770
Event: 1.439 Thread 0x0000015ace85f430 Thread added: 0x0000015aea7a01e0
Event: 1.440 Thread 0x0000015ace85f430 Thread added: 0x0000015aea7c4880
Event: 1.440 Thread 0x0000015ace85f430 Thread added: 0x0000015aea7c4ee0
Event: 1.440 Thread 0x0000015ace85f430 Thread added: 0x0000015aea7c5930
Event: 1.440 Thread 0x0000015ace85f430 Thread added: 0x0000015aea7b2b60
Event: 1.440 Thread 0x0000015ace85f430 Thread added: 0x0000015aea7b3cf0
Event: 1.440 Thread 0x0000015ace85f430 Thread added: 0x0000015aea787bf0
Event: 1.460 Thread 0x0000015ace85f430 Thread added: 0x0000015aea964b30
Event: 1.464 Thread 0x0000015ace85f430 Thread added: 0x0000015aea9818b0
Event: 1.469 Loaded shared library C:\Program Files\Android\Android Studio\jbr\bin\net.dll
Event: 1.471 Loaded shared library C:\Program Files\Android\Android Studio\jbr\bin\nio.dll
Event: 1.476 Loaded shared library C:\Program Files\Android\Android Studio\jbr\bin\zip.dll
Event: 1.524 Loaded shared library C:\Program Files\Android\Android Studio\jbr\bin\jimage.dll
Event: 1.730 Loaded shared library C:\Program Files\Android\Android Studio\jbr\bin\extnet.dll
Event: 1.734 Thread 0x0000015ace85f430 Thread added: 0x0000015aef36c990
Event: 1.772 Thread 0x0000015aef36c990 Thread added: 0x0000015aef4343d0
Event: 1.782 Thread 0x0000015aef36c990 Thread added: 0x0000015aef3dfbf0
Event: 1.807 Thread 0x0000015aea787bf0 Thread added: 0x0000015aef3ec2d0
Event: 1.808 Thread 0x0000015aea787bf0 Thread added: 0x0000015aef446770


Dynamic libraries:
0x00007ff6a4e00000 - 0x00007ff6a4e0a000 	C:\Program Files\Android\Android Studio\jbr\bin\java.exe
0x00007ffcb3d40000 - 0x00007ffcb3fa0000 	C:\WINDOWS\SYSTEM32\ntdll.dll
0x00007ffcb25b0000 - 0x00007ffcb2677000 	C:\WINDOWS\System32\KERNEL32.DLL
0x00007ffcb1070000 - 0x00007ffcb143b000 	C:\WINDOWS\System32\KERNELBASE.dll
0x00007ffcb0f20000 - 0x00007ffcb106b000 	C:\WINDOWS\System32\ucrtbase.dll
0x00007ffcab990000 - 0x00007ffcab9a8000 	C:\Program Files\Android\Android Studio\jbr\bin\jli.dll
0x00007ffcab900000 - 0x00007ffcab91b000 	C:\Program Files\Android\Android Studio\jbr\bin\VCRUNTIME140.dll
0x00007ffcb3700000 - 0x00007ffcb38cc000 	C:\WINDOWS\System32\USER32.dll
0x00007ffcb1b10000 - 0x00007ffcb1b37000 	C:\WINDOWS\System32\win32u.dll
0x00007ffc8bc00000 - 0x00007ffc8be97000 	C:\WINDOWS\WinSxS\amd64_microsoft.windows.common-controls_6595b64144ccf1df_6.0.26100.3624_none_3e086962e3345f24\COMCTL32.dll
0x00007ffcb2580000 - 0x00007ffcb25aa000 	C:\WINDOWS\System32\GDI32.dll
0x00007ffcb38e0000 - 0x00007ffcb3989000 	C:\WINDOWS\System32\msvcrt.dll
0x00007ffcb1440000 - 0x00007ffcb1571000 	C:\WINDOWS\System32\gdi32full.dll
0x00007ffcb1580000 - 0x00007ffcb1623000 	C:\WINDOWS\System32\msvcp_win.dll
0x00007ffcb1de0000 - 0x00007ffcb1e0f000 	C:\WINDOWS\System32\IMM32.DLL
0x00007ffcad7e0000 - 0x00007ffcad7ec000 	C:\Program Files\Android\Android Studio\jbr\bin\vcruntime140_1.dll
0x00007ffc92570000 - 0x00007ffc925fd000 	C:\Program Files\Android\Android Studio\jbr\bin\msvcp140.dll
0x00007ffc57d30000 - 0x00007ffc589ba000 	C:\Program Files\Android\Android Studio\jbr\bin\server\jvm.dll
0x00007ffcb1d20000 - 0x00007ffcb1dd3000 	C:\WINDOWS\System32\ADVAPI32.dll
0x00007ffcb3b40000 - 0x00007ffcb3be6000 	C:\WINDOWS\System32\sechost.dll
0x00007ffcb3290000 - 0x00007ffcb33a6000 	C:\WINDOWS\System32\RPCRT4.dll
0x00007ffcb3bf0000 - 0x00007ffcb3c64000 	C:\WINDOWS\System32\WS2_32.dll
0x00007ffcb06e0000 - 0x00007ffcb073e000 	C:\WINDOWS\SYSTEM32\POWRPROF.dll
0x00007ffca7ef0000 - 0x00007ffca7f26000 	C:\WINDOWS\SYSTEM32\WINMM.dll
0x00007ffc9ccb0000 - 0x00007ffc9ccbb000 	C:\WINDOWS\SYSTEM32\VERSION.dll
0x00007ffcb06c0000 - 0x00007ffcb06d4000 	C:\WINDOWS\SYSTEM32\UMPDC.dll
0x00007ffcafd30000 - 0x00007ffcafd4a000 	C:\WINDOWS\SYSTEM32\kernel.appcore.dll
0x00007ffcad740000 - 0x00007ffcad74a000 	C:\Program Files\Android\Android Studio\jbr\bin\jimage.dll
0x00007ffcae6e0000 - 0x00007ffcae921000 	C:\WINDOWS\SYSTEM32\DBGHELP.DLL
0x00007ffcb21d0000 - 0x00007ffcb2553000 	C:\WINDOWS\System32\combase.dll
0x00007ffcb1c40000 - 0x00007ffcb1d16000 	C:\WINDOWS\System32\OLEAUT32.dll
0x00007ffc44db0000 - 0x00007ffc44de9000 	C:\WINDOWS\SYSTEM32\dbgcore.DLL
0x00007ffcb18f0000 - 0x00007ffcb1989000 	C:\WINDOWS\System32\bcryptPrimitives.dll
0x00007ffc9fab0000 - 0x00007ffc9fad0000 	C:\Program Files\Android\Android Studio\jbr\bin\java.dll
0x00007ffc998c0000 - 0x00007ffc998d8000 	C:\Program Files\Android\Android Studio\jbr\bin\zip.dll
0x00007ffcb2680000 - 0x00007ffcb2da9000 	C:\WINDOWS\System32\SHELL32.dll
0x00007ffcb1630000 - 0x00007ffcb1798000 	C:\WINDOWS\System32\wintypes.dll
0x00007ffcaebe0000 - 0x00007ffcaf432000 	C:\WINDOWS\SYSTEM32\windows.storage.dll
0x00007ffcb3590000 - 0x00007ffcb367d000 	C:\WINDOWS\System32\SHCORE.dll
0x00007ffcb2000000 - 0x00007ffcb2064000 	C:\WINDOWS\System32\shlwapi.dll
0x00007ffcb0e30000 - 0x00007ffcb0e5f000 	C:\WINDOWS\SYSTEM32\profapi.dll
0x00007ffcab890000 - 0x00007ffcab8a0000 	C:\Program Files\Android\Android Studio\jbr\bin\net.dll
0x00007ffca0670000 - 0x00007ffca078d000 	C:\WINDOWS\SYSTEM32\WINHTTP.dll
0x00007ffcb02c0000 - 0x00007ffcb032a000 	C:\WINDOWS\system32\mswsock.dll
0x00007ffc8c8a0000 - 0x00007ffc8c8b6000 	C:\Program Files\Android\Android Studio\jbr\bin\nio.dll
0x00007ffcb0560000 - 0x00007ffcb057c000 	C:\WINDOWS\SYSTEM32\CRYPTSP.dll
0x00007ffcafc90000 - 0x00007ffcafcca000 	C:\WINDOWS\system32\rsaenh.dll
0x00007ffcb0360000 - 0x00007ffcb038b000 	C:\WINDOWS\SYSTEM32\USERENV.dll
0x00007ffcb0850000 - 0x00007ffcb0876000 	C:\WINDOWS\SYSTEM32\bcrypt.dll
0x00007ffcb0580000 - 0x00007ffcb058c000 	C:\WINDOWS\SYSTEM32\CRYPTBASE.dll
0x00007ffcaf810000 - 0x00007ffcaf843000 	C:\WINDOWS\SYSTEM32\IPHLPAPI.DLL
0x00007ffcb33b0000 - 0x00007ffcb33ba000 	C:\WINDOWS\System32\NSI.dll
0x00007ffc453c0000 - 0x00007ffc453c8000 	C:\WINDOWS\system32\wshunix.dll
0x00007ffc9faa0000 - 0x00007ffc9faa9000 	C:\Program Files\Android\Android Studio\jbr\bin\extnet.dll

dbghelp: loaded successfully - version: 4.0.5 - missing functions: none
symbol engine: initialized successfully - sym options: 0x614 - pdb path: .;C:\Program Files\Android\Android Studio\jbr\bin;C:\WINDOWS\SYSTEM32;C:\WINDOWS\WinSxS\amd64_microsoft.windows.common-controls_6595b64144ccf1df_6.0.26100.3624_none_3e086962e3345f24;C:\Program Files\Android\Android Studio\jbr\bin\server

VM Arguments:
java_command: git4idea.http.GitAskPassApp Username for 'https://github.com': 
java_class_path (initial): C:/Program Files/Android/Android Studio/plugins/vcs-git/lib/git4idea-rt.jar;C:/Program Files/Android/Android Studio/lib/externalProcess-rt.jar
Launcher Type: SUN_STANDARD

[Global flags]
     intx CICompilerCount                          = 4                                         {product} {ergonomic}
     uint ConcGCThreads                            = 2                                         {product} {ergonomic}
     uint G1ConcRefinementThreads                  = 8                                         {product} {ergonomic}
   size_t G1HeapRegionSize                         = 2097152                                   {product} {ergonomic}
    uintx GCDrainStackTargetSize                   = 64                                        {product} {ergonomic}
   size_t InitialHeapSize                          = 264241152                                 {product} {ergonomic}
   size_t MarkStackSize                            = 4194304                                   {product} {ergonomic}
   size_t MaxHeapSize                              = 4215275520                                {product} {ergonomic}
   size_t MaxNewSize                               = 2529165312                                {product} {ergonomic}
   size_t MinHeapDeltaBytes                        = 2097152                                   {product} {ergonomic}
   size_t MinHeapSize                              = 8388608                                   {product} {ergonomic}
    uintx NonNMethodCodeHeapSize                   = 5839372                                {pd product} {ergonomic}
    uintx NonProfiledCodeHeapSize                  = 122909434                              {pd product} {ergonomic}
    uintx ProfiledCodeHeapSize                     = 122909434                              {pd product} {ergonomic}
    uintx ReservedCodeCacheSize                    = 251658240                              {pd product} {ergonomic}
     bool SegmentedCodeCache                       = true                                      {product} {ergonomic}
   size_t SoftMaxHeapSize                          = 4215275520                             {manageable} {ergonomic}
     bool UseCompressedOops                        = true                           {product lp64_product} {ergonomic}
     bool UseG1GC                                  = true                                      {product} {ergonomic}
     bool UseLargePagesIndividualAllocation        = false                                  {pd product} {ergonomic}

Logging:
Log output configuration:
 #0: stdout all=warning uptime,level,tags foldmultilines=false
 #1: stderr all=off uptime,level,tags foldmultilines=false

Environment Variables:
JAVA_HOME=C:\Program Files\Java\jdk-23
PATH=C:\Program Files\Git\mingw64\libexec\git-core;C:\Program Files\Git\mingw64\libexec\git-core;C:\Program Files\Git\mingw64\bin;C:\Program Files\Git\usr\bin;C:\Users\Alizzelol\bin;C:\dev\apache-maven-3.9.9\bin;C:\Program Files\Java\jdk-23\bin;C:\Program Files\Common Files\Oracle\Java\javapath;C:\app\Alizzelol\product\dbhomeXE\bin;C:\WINDOWS\system32;C:\WINDOWS;C:\WINDOWS\System32\Wbem;C:\WINDOWS\System32\WindowsPowerShell\v1.0;C:\WINDOWS\System32\OpenSSH;C:\Program Files\Microsoft SQL Server\Client SDK\ODBC\170\Tools\Binn;C:\Program Files\nodejs;C:\Program Files\Git\cmd;C:\Users\Alizzelol\AppData\Local\Microsoft\WindowsApps;C:\Users\Alizzelol\AppData\Local\Programs\Microsoft VS Code\bin;C:\Program Files\JetBrains\IntelliJ IDEA Community Edition 2024.3.1.1\bin;C:\Users\Alizzelol\AppData\Local\GitHubDesktop\bin;C:\Users\Alizzelol\AppData\Roaming\npm;C:\dev\apache-maven-3.9.9\bin;C:\Program Files\Java\jdk-23\bin
USERNAME=Alizzelol
DISPLAY=:0.0
LC_ALL=en_US.UTF-8
TERM=xterm-256color
TMPDIR=C:\Users\ALIZZE~1\AppData\Local\Temp
OS=Windows_NT
PROCESSOR_IDENTIFIER=Intel64 Family 6 Model 140 Stepping 1, GenuineIntel
TMP=C:\Users\ALIZZE~1\AppData\Local\Temp
TEMP=C:\Users\ALIZZE~1\AppData\Local\Temp




Periodic native trim disabled

JNI global refs:
JNI global refs: 21, weak refs: 0

JNI global refs memory usage: 835, weak refs: 201

Process memory usage:
Resident Set Size: 86424K (0% of 16464440K total physical memory with 2291432K free physical memory)

OOME stack traces (most recent first):
Classloader memory used:
Loader bootstrap                                                                       : 15084K
Loader jdk.internal.loader.ClassLoaders$PlatformClassLoader                            : 1785K
Loader jdk.internal.loader.ClassLoaders$AppClassLoader                                 : 16448B

---------------  S Y S T E M  ---------------

OS:
 Windows 11 , 64 bit Build 26100 (10.0.26100.3624)
OS uptime: 0 days 2:26 hours

CPU: total 8 (initial active 8) (4 cores per cpu, 2 threads per core) family 6 model 140 stepping 1 microcode 0x9a, cx8, cmov, fxsr, ht, mmx, 3dnowpref, sse, sse2, sse3, ssse3, sse4.1, sse4.2, popcnt, lzcnt, tsc, tscinvbit, avx, avx2, aes, erms, clmul, bmi1, bmi2, adx, avx512f, avx512dq, avx512cd, avx512bw, avx512vl, sha, fma, vzeroupper, avx512_vpopcntdq, avx512_vpclmulqdq, avx512_vaes, avx512_vnni, clflush, clflushopt, clwb, avx512_vbmi2, avx512_vbmi, rdtscp, rdpid, fsrm, gfni, avx512_bitalg, f16c, pku, cet_ibt, cet_ss, avx512_ifma
Processor Information for all 8 processors :
  Max Mhz: 2803, Current Mhz: 2803, Mhz Limit: 2803

Memory: 4k page, system-wide physical 16078M (2237M free)
TotalPageFile size 20078M (AvailPageFile size 7M)
current process WorkingSet (physical memory assigned to process): 84M, peak: 86M
current process commit charge ("private bytes"): 359M, peak: 361M

vm_info: OpenJDK 64-Bit Server VM (21.0.5+-13047016-b750.29) for windows-amd64 JRE (21.0.5+-13047016-b750.29), built on 2025-02-11T21:12:39Z by "builder" with MS VC++ 16.10 / 16.11 (VS2019)

END.
